# JRE version: OpenJDK Runtime Environment GraalVM CE 22.3.0 (17.0.5+8) (build 17.0.5+8-jvmci-22.3-b08)
# Java VM: OpenJDK 64-Bit Server VM GraalVM CE 22.3.0 (17.0.5+8-jvmci-22.3-b08, mixed mode, sharing, tiered, jvmci, jvmci compiler, compressed oops, compressed class ptrs, parallel gc, linux-amd64)
GC Precious Log:
 CPUs: 8 total, 1 available
 Memory: 1024M
 Large Page Support: Disabled
 NUMA Support: Disabled
 Compressed Oops: Enabled (32-bit)
 Alignments: Space 512K, Generation 512K, Heap 2M
 Heap Min Capacity: 100M
 Heap Initial Capacity: 100M
 Heap Max Capacity: 512M
 Pre-touch: Disabled
 Parallel Workers: 1
Heap:
 PSYoungGen      total 43520K, used 30712K [0x00000000f5580000, 0x00000000f9300000, 0x0000000100000000)
  eden space 25600K, 100% used [0x00000000f5580000,0x00000000f6e80000,0x00000000f6e80000)
  from space 17920K, 28% used [0x00000000f8100000,0x00000000f85fe068,0x00000000f9280000)
  to   space 18432K, 0% used [0x00000000f6e80000,0x00000000f6e80000,0x00000000f8080000)
 ParOldGen       total 349696K, used 349695K [0x00000000e0000000, 0x00000000f5580000, 0x00000000f5580000)
  object space 349696K, 99% used [0x00000000e0000000,0x00000000f557ff08,0x00000000f5580000)
 Metaspace       used 58552K, committed 59648K, reserved 1105920K
  class space    used 5843K, committed 6272K, reserved 1048576K
GC Heap History (20 events):
Event: 611.785 GC heap before
{Heap before GC invocations=536 (full 421):
 PSYoungGen      total 43520K, used 30712K [0x00000000f5580000, 0x00000000f9300000, 0x0000000100000000)
  eden space 25600K, 100% used [0x00000000f5580000,0x00000000f6e80000,0x00000000f6e80000)
  from space 17920K, 28% used [0x00000000f8100000,0x00000000f85fe0c8,0x00000000f9280000)
  to   space 18432K, 0% used [0x00000000f6e80000,0x00000000f6e80000,0x00000000f8080000)
 ParOldGen       total 349696K, used 349692K [0x00000000e0000000, 0x00000000f5580000, 0x00000000f5580000)
  object space 349696K, 99% used [0x00000000e0000000,0x00000000f557f080,0x00000000f5580000)
 Metaspace       used 58552K, committed 59648K, reserved 1105920K
  class space    used 5843K, committed 6272K, reserved 1048576K
}
Event: 613.163 GC heap after
{Heap after GC invocations=536 (full 421):
 PSYoungGen      total 43520K, used 30712K [0x00000000f5580000, 0x00000000f9300000, 0x0000000100000000)
  eden space 25600K, 99% used [0x00000000f5580000,0x00000000f6e7ffc8,0x00000000f6e80000)
  from space 17920K, 28% used [0x00000000f8100000,0x00000000f85fe0b0,0x00000000f9280000)
  to   space 18432K, 0% used [0x00000000f6e80000,0x00000000f6e80000,0x00000000f8080000)
 ParOldGen       total 349696K, used 349691K [0x00000000e0000000, 0x00000000f5580000, 0x00000000f5580000)
  object space 349696K, 99% used [0x00000000e0000000,0x00000000f557ec00,0x00000000f5580000)
 Metaspace       used 58552K, committed 59648K, reserved 1105920K
  class space    used 5843K, committed 6272K, reserved 1048576K
}
Event: 613.163 GC heap before
{Heap before GC invocations=537 (full 422):
 PSYoungGen      total 43520K, used 30712K [0x00000000f5580000, 0x00000000f9300000, 0x0000000100000000)
  eden space 25600K, 100% used [0x00000000f5580000,0x00000000f6e80000,0x00000000f6e80000)
  from space 17920K, 28% used [0x00000000f8100000,0x00000000f85fe0b0,0x00000000f9280000)
  to   space 18432K, 0% used [0x00000000f6e80000,0x00000000f6e80000,0x00000000f8080000)
 ParOldGen       total 349696K, used 349691K [0x00000000e0000000, 0x00000000f5580000, 0x00000000f5580000)
  object space 349696K, 99% used [0x00000000e0000000,0x00000000f557ec00,0x00000000f5580000)
 Metaspace       used 58552K, committed 59648K, reserved 1105920K
  class space    used 5843K, committed 6272K, reserved 1048576K
}
Event: 614.427 GC heap after
{Heap after GC invocations=537 (full 422):
 PSYoungGen      total 43520K, used 30712K [0x00000000f5580000, 0x00000000f9300000, 0x0000000100000000)
  eden space 25600K, 100% used [0x00000000f5580000,0x00000000f6e80000,0x00000000f6e80000)
  from space 17920K, 28% used [0x00000000f8100000,0x00000000f85fe0b0,0x00000000f9280000)
  to   space 18432K, 0% used [0x00000000f6e80000,0x00000000f6e80000,0x00000000f8080000)
 ParOldGen       total 349696K, used 349690K [0x00000000e0000000, 0x00000000f5580000, 0x00000000f5580000)
  object space 349696K, 99% used [0x00000000e0000000,0x00000000f557ebe0,0x00000000f5580000)
 Metaspace       used 58552K, committed 59648K, reserved 1105920K
  class space    used 5843K, committed 6272K, reserved 1048576K
}
Event: 614.427 GC heap before
{Heap before GC invocations=538 (full 423):
 PSYoungGen      total 43520K, used 30712K [0x00000000f5580000, 0x00000000f9300000, 0x0000000100000000)
  eden space 25600K, 100% used [0x00000000f5580000,0x00000000f6e80000,0x00000000f6e80000)
  from space 17920K, 28% used [0x00000000f8100000,0x00000000f85fe0b0,0x00000000f9280000)
  to   space 18432K, 0% used [0x00000000f6e80000,0x00000000f6e80000,0x00000000f8080000)
 ParOldGen       total 349696K, used 349693K [0x00000000e0000000, 0x00000000f5580000, 0x00000000f5580000)
  object space 349696K, 99% used [0x00000000e0000000,0x00000000f557f4f8,0x00000000f5580000)
 Metaspace       used 58552K, committed 59648K, reserved 1105920K
  class space    used 5843K, committed 6272K, reserved 1048576K
}
Event: 615.749 GC heap after
{Heap after GC invocations=538 (full 423):
 PSYoungGen      total 43520K, used 30712K [0x00000000f5580000, 0x00000000f9300000, 0x0000000100000000)
  eden space 25600K, 99% used [0x00000000f5580000,0x00000000f6e7ffc8,0x00000000f6e80000)
  from space 17920K, 28% used [0x00000000f8100000,0x00000000f85fe0b0,0x00000000f9280000)
  to   space 18432K, 0% used [0x00000000f6e80000,0x00000000f6e80000,0x00000000f8080000)
 ParOldGen       total 349696K, used 349691K [0x00000000e0000000, 0x00000000f5580000, 0x00000000f5580000)
  object space 349696K, 99% used [0x00000000e0000000,0x00000000f557efc0,0x00000000f5580000)
 Metaspace       used 58552K, committed 59648K, reserved 1105920K
  class space    used 5843K, committed 6272K, reserved 1048576K
}
Event: 615.749 GC heap before
{Heap before GC invocations=539 (full 424):
 PSYoungGen      total 43520K, used 30712K [0x00000000f5580000, 0x00000000f9300000, 0x0000000100000000)
  eden space 25600K, 99% used [0x00000000f5580000,0x00000000f6e7ffe0,0x00000000f6e80000)
  from space 17920K, 28% used [0x00000000f8100000,0x00000000f85fe0b0,0x00000000f9280000)
  to   space 18432K, 0% used [0x00000000f6e80000,0x00000000f6e80000,0x00000000f8080000)
 ParOldGen       total 349696K, used 349691K [0x00000000e0000000, 0x00000000f5580000, 0x00000000f5580000)
  object space 349696K, 99% used [0x00000000e0000000,0x00000000f557efc0,0x00000000f5580000)
 Metaspace       used 58552K, committed 59648K, reserved 1105920K
  class space    used 5843K, committed 6272K, reserved 1048576K
}
Event: 616.934 GC heap after
{Heap after GC invocations=539 (full 424):
 PSYoungGen      total 43520K, used 30712K [0x00000000f5580000, 0x00000000f9300000, 0x0000000100000000)
  eden space 25600K, 99% used [0x00000000f5580000,0x00000000f6e7ffe0,0x00000000f6e80000)
  from space 17920K, 28% used [0x00000000f8100000,0x00000000f85fe0b0,0x00000000f9280000)
  to   space 18432K, 0% used [0x00000000f6e80000,0x00000000f6e80000,0x00000000f8080000)
 ParOldGen       total 349696K, used 349691K [0x00000000e0000000, 0x00000000f5580000, 0x00000000f5580000)
  object space 349696K, 99% used [0x00000000e0000000,0x00000000f557efc0,0x00000000f5580000)
 Metaspace       used 58552K, committed 59648K, reserved 1105920K
  class space    used 5843K, committed 6272K, reserved 1048576K
}
Event: 616.934 GC heap before
{Heap before GC invocations=540 (full 425):
 PSYoungGen      total 43520K, used 30712K [0x00000000f5580000, 0x00000000f9300000, 0x0000000100000000)
  eden space 25600K, 100% used [0x00000000f5580000,0x00000000f6e80000,0x00000000f6e80000)
  from space 17920K, 28% used [0x00000000f8100000,0x00000000f85fe0b0,0x00000000f9280000)
  to   space 18432K, 0% used [0x00000000f6e80000,0x00000000f6e80000,0x00000000f8080000)
 ParOldGen       total 349696K, used 349693K [0x00000000e0000000, 0x00000000f5580000, 0x00000000f5580000)
  object space 349696K, 99% used [0x00000000e0000000,0x00000000f557f7e0,0x00000000f5580000)
 Metaspace       used 58552K, committed 59648K, reserved 1105920K
  class space    used 5843K, committed 6272K, reserved 1048576K
}
Event: 618.230 GC heap after
{Heap after GC invocations=540 (full 425):
 PSYoungGen      total 43520K, used 30712K [0x00000000f5580000, 0x00000000f9300000, 0x0000000100000000)
  eden space 25600K, 99% used [0x00000000f5580000,0x00000000f6e7ffc8,0x00000000f6e80000)
  from space 17920K, 28% used [0x00000000f8100000,0x00000000f85fe080,0x00000000f9280000)
  to   space 18432K, 0% used [0x00000000f6e80000,0x00000000f6e80000,0x00000000f8080000)
 ParOldGen       total 349696K, used 349692K [0x00000000e0000000, 0x00000000f5580000, 0x00000000f5580000)
  object space 349696K, 99% used [0x00000000e0000000,0x00000000f557f338,0x00000000f5580000)
 Metaspace       used 58552K, committed 59648K, reserved 1105920K
  class space    used 5843K, committed 6272K, reserved 1048576K
}
Event: 618.231 GC heap before
{Heap before GC invocations=541 (full 426):
 PSYoungGen      total 43520K, used 30712K [0x00000000f5580000, 0x00000000f9300000, 0x0000000100000000)
  eden space 25600K, 99% used [0x00000000f5580000,0x00000000f6e7ffe8,0x00000000f6e80000)
  from space 17920K, 28% used [0x00000000f8100000,0x00000000f85fe080,0x00000000f9280000)
  to   space 18432K, 0% used [0x00000000f6e80000,0x00000000f6e80000,0x00000000f8080000)
 ParOldGen       total 349696K, used 349692K [0x00000000e0000000, 0x00000000f5580000, 0x00000000f5580000)
  object space 349696K, 99% used [0x00000000e0000000,0x00000000f557f338,0x00000000f5580000)
 Metaspace       used 58552K, committed 59648K, reserved 1105920K
  class space    used 5843K, committed 6272K, reserved 1048576K
}
Event: 619.452 GC heap after
{Heap after GC invocations=541 (full 426):
 PSYoungGen      total 43520K, used 30712K [0x00000000f5580000, 0x00000000f9300000, 0x0000000100000000)
  eden space 25600K, 99% used [0x00000000f5580000,0x00000000f6e7ffe8,0x00000000f6e80000)
  from space 17920K, 28% used [0x00000000f8100000,0x00000000f85fe080,0x00000000f9280000)
  to   space 18432K, 0% used [0x00000000f6e80000,0x00000000f6e80000,0x00000000f8080000)
 ParOldGen       total 349696K, used 349692K [0x00000000e0000000, 0x00000000f5580000, 0x00000000f5580000)
  object space 349696K, 99% used [0x00000000e0000000,0x00000000f557f318,0x00000000f5580000)
 Metaspace       used 58552K, committed 59648K, reserved 1105920K
  class space    used 5843K, committed 6272K, reserved 1048576K
}
Event: 619.452 GC heap before
{Heap before GC invocations=542 (full 427):
 PSYoungGen      total 43520K, used 30712K [0x00000000f5580000, 0x00000000f9300000, 0x0000000100000000)
  eden space 25600K, 100% used [0x00000000f5580000,0x00000000f6e80000,0x00000000f6e80000)
  from space 17920K, 28% used [0x00000000f8100000,0x00000000f85fe080,0x00000000f9280000)
  to   space 18432K, 0% used [0x00000000f6e80000,0x00000000f6e80000,0x00000000f8080000)
 ParOldGen       total 349696K, used 349694K [0x00000000e0000000, 0x00000000f5580000, 0x00000000f5580000)
  object space 349696K, 99% used [0x00000000e0000000,0x00000000f557fb48,0x00000000f5580000)
 Metaspace       used 58552K, committed 59648K, reserved 1105920K
  class space    used 5843K, committed 6272K, reserved 1048576K
}
Event: 620.824 GC heap after
{Heap after GC invocations=542 (full 427):
 PSYoungGen      total 43520K, used 30711K [0x00000000f5580000, 0x00000000f9300000, 0x0000000100000000)
  eden space 25600K, 99% used [0x00000000f5580000,0x00000000f6e7ff80,0x00000000f6e80000)
  from space 17920K, 28% used [0x00000000f8100000,0x00000000f85fe068,0x00000000f9280000)
  to   space 18432K, 0% used [0x00000000f6e80000,0x00000000f6e80000,0x00000000f8080000)
 ParOldGen       total 349696K, used 349693K [0x00000000e0000000, 0x00000000f5580000, 0x00000000f5580000)
  object space 349696K, 99% used [0x00000000e0000000,0x00000000f557f780,0x00000000f5580000)
 Metaspace       used 58552K, committed 59648K, reserved 1105920K
  class space    used 5843K, committed 6272K, reserved 1048576K
}
Event: 620.824 GC heap before
{Heap before GC invocations=543 (full 428):
 PSYoungGen      total 43520K, used 30712K [0x00000000f5580000, 0x00000000f9300000, 0x0000000100000000)
  eden space 25600K, 99% used [0x00000000f5580000,0x00000000f6e7ffd0,0x00000000f6e80000)
  from space 17920K, 28% used [0x00000000f8100000,0x00000000f85fe068,0x00000000f9280000)
  to   space 18432K, 0% used [0x00000000f6e80000,0x00000000f6e80000,0x00000000f8080000)
 ParOldGen       total 349696K, used 349693K [0x00000000e0000000, 0x00000000f5580000, 0x00000000f5580000)
  object space 349696K, 99% used [0x00000000e0000000,0x00000000f557f780,0x00000000f5580000)
 Metaspace       used 58552K, committed 59648K, reserved 1105920K
  class space    used 5843K, committed 6272K, reserved 1048576K
}
Event: 621.952 GC heap after
{Heap after GC invocations=543 (full 428):
 PSYoungGen      total 43520K, used 30712K [0x00000000f5580000, 0x00000000f9300000, 0x0000000100000000)
  eden space 25600K, 99% used [0x00000000f5580000,0x00000000f6e7ffd0,0x00000000f6e80000)
  from space 17920K, 28% used [0x00000000f8100000,0x00000000f85fe068,0x00000000f9280000)
  to   space 18432K, 0% used [0x00000000f6e80000,0x00000000f6e80000,0x00000000f8080000)
 ParOldGen       total 349696K, used 349693K [0x00000000e0000000, 0x00000000f5580000, 0x00000000f5580000)
  object space 349696K, 99% used [0x00000000e0000000,0x00000000f557f780,0x00000000f5580000)
 Metaspace       used 58552K, committed 59648K, reserved 1105920K
  class space    used 5843K, committed 6272K, reserved 1048576K
}
Event: 621.953 GC heap before
{Heap before GC invocations=544 (full 429):
 PSYoungGen      total 43520K, used 30712K [0x00000000f5580000, 0x00000000f9300000, 0x0000000100000000)
  eden space 25600K, 100% used [0x00000000f5580000,0x00000000f6e80000,0x00000000f6e80000)
  from space 17920K, 28% used [0x00000000f8100000,0x00000000f85fe068,0x00000000f9280000)
  to   space 18432K, 0% used [0x00000000f6e80000,0x00000000f6e80000,0x00000000f8080000)
 ParOldGen       total 349696K, used 349694K [0x00000000e0000000, 0x00000000f5580000, 0x00000000f5580000)
  object space 349696K, 99% used [0x00000000e0000000,0x00000000f557f820,0x00000000f5580000)
 Metaspace       used 58552K, committed 59648K, reserved 1105920K
  class space    used 5843K, committed 6272K, reserved 1048576K
}
Event: 623.246 GC heap after
{Heap after GC invocations=544 (full 429):
 PSYoungGen      total 43520K, used 30712K [0x00000000f5580000, 0x00000000f9300000, 0x0000000100000000)
  eden space 25600K, 99% used [0x00000000f5580000,0x00000000f6e7ffd0,0x00000000f6e80000)
  from space 17920K, 28% used [0x00000000f8100000,0x00000000f85fe068,0x00000000f9280000)
  to   space 18432K, 0% used [0x00000000f6e80000,0x00000000f6e80000,0x00000000f8080000)
 ParOldGen       total 349696K, used 349693K [0x00000000e0000000, 0x00000000f5580000, 0x00000000f5580000)
  object space 349696K, 99% used [0x00000000e0000000,0x00000000f557f7d0,0x00000000f5580000)
 Metaspace       used 58552K, committed 59648K, reserved 1105920K
  class space    used 5843K, committed 6272K, reserved 1048576K
}
Event: 623.246 GC heap before
{Heap before GC invocations=545 (full 430):
 PSYoungGen      total 43520K, used 30712K [0x00000000f5580000, 0x00000000f9300000, 0x0000000100000000)
  eden space 25600K, 99% used [0x00000000f5580000,0x00000000f6e7ffd0,0x00000000f6e80000)
  from space 17920K, 28% used [0x00000000f8100000,0x00000000f85fe068,0x00000000f9280000)
  to   space 18432K, 0% used [0x00000000f6e80000,0x00000000f6e80000,0x00000000f8080000)
 ParOldGen       total 349696K, used 349693K [0x00000000e0000000, 0x00000000f5580000, 0x00000000f5580000)
  object space 349696K, 99% used [0x00000000e0000000,0x00000000f557f7d0,0x00000000f5580000)
 Metaspace       used 58552K, committed 59648K, reserved 1105920K
  class space    used 5843K, committed 6272K, reserved 1048576K
}
Event: 624.551 GC heap after
{Heap after GC invocations=545 (full 430):
 PSYoungGen      total 43520K, used 30712K [0x00000000f5580000, 0x00000000f9300000, 0x0000000100000000)
  eden space 25600K, 99% used [0x00000000f5580000,0x00000000f6e7ffd0,0x00000000f6e80000)
  from space 17920K, 28% used [0x00000000f8100000,0x00000000f85fe068,0x00000000f9280000)
  to   space 18432K, 0% used [0x00000000f6e80000,0x00000000f6e80000,0x00000000f8080000)
 ParOldGen       total 349696K, used 349693K [0x00000000e0000000, 0x00000000f5580000, 0x00000000f5580000)
  object space 349696K, 99% used [0x00000000e0000000,0x00000000f557f7d0,0x00000000f5580000)
 Metaspace       used 58552K, committed 59648K, reserved 1105920K
  class space    used 5843K, committed 6272K, reserved 1048576K
}

