# JRE version: OpenJDK Runtime Environment GraalVM CE 22.3.0 (17.0.5+8) (build 17.0.5+8-jvmci-22.3-b08)
# Java VM: OpenJDK 64-Bit Server VM GraalVM CE 22.3.0 (17.0.5+8-jvmci-22.3-b08, mixed mode, sharing, tiered, jvmci, jvmci compiler, compressed oops, compressed class ptrs, parallel gc, linux-amd64)
GC Precious Log:
 CPUs: 8 total, 1 available
 Memory: 1024M
 Large Page Support: Disabled
 NUMA Support: Disabled
 Compressed Oops: Enabled (32-bit)
 Alignments: Space 512K, Generation 512K, Heap 2M
 Heap Min Capacity: 100M
 Heap Initial Capacity: 100M
 Heap Max Capacity: 512M
 Pre-touch: Disabled
 Parallel Workers: 1
Heap:
 PSYoungGen      total 54272K, used 40447K [0x00000000f5580000, 0x00000000f9e00000, 0x0000000100000000)
  eden space 40448K, 99% used [0x00000000f5580000,0x00000000f7cffff8,0x00000000f7d00000)
  from space 13824K, 0% used [0x00000000f8e00000,0x00000000f8e00000,0x00000000f9b80000)
  to   space 16384K, 0% used [0x00000000f7d00000,0x00000000f7d00000,0x00000000f8d00000)
 ParOldGen       total 349696K, used 349695K [0x00000000e0000000, 0x00000000f5580000, 0x00000000f5580000)
  object space 349696K, 99% used [0x00000000e0000000,0x00000000f557ff40,0x00000000f5580000)
 Metaspace       used 58892K, committed 60032K, reserved 1105920K
  class space    used 5879K, committed 6336K, reserved 1048576K
GC Heap History (20 events):
Event: 828.174 GC heap before
{Heap before GC invocations=574 (full 480):
 PSYoungGen      total 54272K, used 40447K [0x00000000f5580000, 0x00000000f9e00000, 0x0000000100000000)
  eden space 40448K, 99% used [0x00000000f5580000,0x00000000f7cffff8,0x00000000f7d00000)
  from space 13824K, 0% used [0x00000000f8e00000,0x00000000f8e00000,0x00000000f9b80000)
  to   space 16384K, 0% used [0x00000000f7d00000,0x00000000f7d00000,0x00000000f8d00000)
 ParOldGen       total 349696K, used 349691K [0x00000000e0000000, 0x00000000f5580000, 0x00000000f5580000)
  object space 349696K, 99% used [0x00000000e0000000,0x00000000f557ecc8,0x00000000f5580000)
 Metaspace       used 58892K, committed 60032K, reserved 1105920K
  class space    used 5879K, committed 6336K, reserved 1048576K
}
Event: 830.005 GC heap after
{Heap after GC invocations=574 (full 480):
 PSYoungGen      total 56832K, used 40447K [0x00000000f5580000, 0x00000000f9e00000, 0x0000000100000000)
  eden space 40448K, 99% used [0x00000000f5580000,0x00000000f7cfff28,0x00000000f7d00000)
  from space 16384K, 0% used [0x00000000f7d00000,0x00000000f7d00000,0x00000000f8d00000)
  to   space 13824K, 0% used [0x00000000f8e00000,0x00000000f8e00000,0x00000000f9b80000)
 ParOldGen       total 349696K, used 349690K [0x00000000e0000000, 0x00000000f5580000, 0x00000000f5580000)
  object space 349696K, 99% used [0x00000000e0000000,0x00000000f557ebf8,0x00000000f5580000)
 Metaspace       used 58892K, committed 60032K, reserved 1105920K
  class space    used 5879K, committed 6336K, reserved 1048576K
}
Event: 830.006 GC heap before
{Heap before GC invocations=575 (full 481):
 PSYoungGen      total 56832K, used 40447K [0x00000000f5580000, 0x00000000f9e00000, 0x0000000100000000)
  eden space 40448K, 99% used [0x00000000f5580000,0x00000000f7cfffa0,0x00000000f7d00000)
  from space 16384K, 0% used [0x00000000f7d00000,0x00000000f7d00000,0x00000000f8d00000)
  to   space 13824K, 0% used [0x00000000f8e00000,0x00000000f8e00000,0x00000000f9b80000)
 ParOldGen       total 349696K, used 349690K [0x00000000e0000000, 0x00000000f5580000, 0x00000000f5580000)
  object space 349696K, 99% used [0x00000000e0000000,0x00000000f557ebf8,0x00000000f5580000)
 Metaspace       used 58892K, committed 60032K, reserved 1105920K
  class space    used 5879K, committed 6336K, reserved 1048576K
}
Event: 832.322 GC heap after
{Heap after GC invocations=575 (full 481):
 PSYoungGen      total 54272K, used 40447K [0x00000000f5580000, 0x00000000f9e00000, 0x0000000100000000)
  eden space 40448K, 99% used [0x00000000f5580000,0x00000000f7cfffa0,0x00000000f7d00000)
  from space 13824K, 0% used [0x00000000f8e00000,0x00000000f8e00000,0x00000000f9b80000)
  to   space 16384K, 0% used [0x00000000f7d00000,0x00000000f7d00000,0x00000000f8d00000)
 ParOldGen       total 349696K, used 349690K [0x00000000e0000000, 0x00000000f5580000, 0x00000000f5580000)
  object space 349696K, 99% used [0x00000000e0000000,0x00000000f557ebd8,0x00000000f5580000)
 Metaspace       used 58892K, committed 60032K, reserved 1105920K
  class space    used 5879K, committed 6336K, reserved 1048576K
}
Event: 832.322 GC heap before
{Heap before GC invocations=576 (full 482):
 PSYoungGen      total 54272K, used 40448K [0x00000000f5580000, 0x00000000f9e00000, 0x0000000100000000)
  eden space 40448K, 100% used [0x00000000f5580000,0x00000000f7d00000,0x00000000f7d00000)
  from space 13824K, 0% used [0x00000000f8e00000,0x00000000f8e00000,0x00000000f9b80000)
  to   space 16384K, 0% used [0x00000000f7d00000,0x00000000f7d00000,0x00000000f8d00000)
 ParOldGen       total 349696K, used 349693K [0x00000000e0000000, 0x00000000f5580000, 0x00000000f5580000)
  object space 349696K, 99% used [0x00000000e0000000,0x00000000f557f520,0x00000000f5580000)
 Metaspace       used 58892K, committed 60032K, reserved 1105920K
  class space    used 5879K, committed 6336K, reserved 1048576K
}
Event: 834.020 GC heap after
{Heap after GC invocations=576 (full 482):
 PSYoungGen      total 56832K, used 40447K [0x00000000f5580000, 0x00000000f9e00000, 0x0000000100000000)
  eden space 40448K, 99% used [0x00000000f5580000,0x00000000f7cffe00,0x00000000f7d00000)
  from space 16384K, 0% used [0x00000000f7d00000,0x00000000f7d00000,0x00000000f8d00000)
  to   space 13824K, 0% used [0x00000000f8e00000,0x00000000f8e00000,0x00000000f9b80000)
 ParOldGen       total 349696K, used 349693K [0x00000000e0000000, 0x00000000f5580000, 0x00000000f5580000)
  object space 349696K, 99% used [0x00000000e0000000,0x00000000f557f4f0,0x00000000f5580000)
 Metaspace       used 58892K, committed 60032K, reserved 1105920K
  class space    used 5879K, committed 6336K, reserved 1048576K
}
Event: 834.021 GC heap before
{Heap before GC invocations=577 (full 483):
 PSYoungGen      total 56832K, used 40448K [0x00000000f5580000, 0x00000000f9e00000, 0x0000000100000000)
  eden space 40448K, 100% used [0x00000000f5580000,0x00000000f7d00000,0x00000000f7d00000)
  from space 16384K, 0% used [0x00000000f7d00000,0x00000000f7d00000,0x00000000f8d00000)
  to   space 13824K, 0% used [0x00000000f8e00000,0x00000000f8e00000,0x00000000f9b80000)
 ParOldGen       total 349696K, used 349693K [0x00000000e0000000, 0x00000000f5580000, 0x00000000f5580000)
  object space 349696K, 99% used [0x00000000e0000000,0x00000000f557f4f0,0x00000000f5580000)
 Metaspace       used 58892K, committed 60032K, reserved 1105920K
  class space    used 5879K, committed 6336K, reserved 1048576K
}
Event: 835.797 GC heap after
{Heap after GC invocations=577 (full 483):
 PSYoungGen      total 54272K, used 40447K [0x00000000f5580000, 0x00000000f9e00000, 0x0000000100000000)
  eden space 40448K, 99% used [0x00000000f5580000,0x00000000f7cfffb0,0x00000000f7d00000)
  from space 13824K, 0% used [0x00000000f8e00000,0x00000000f8e00000,0x00000000f9b80000)
  to   space 16384K, 0% used [0x00000000f7d00000,0x00000000f7d00000,0x00000000f8d00000)
 ParOldGen       total 349696K, used 349693K [0x00000000e0000000, 0x00000000f5580000, 0x00000000f5580000)
  object space 349696K, 99% used [0x00000000e0000000,0x00000000f557f4f0,0x00000000f5580000)
 Metaspace       used 58892K, committed 60032K, reserved 1105920K
  class space    used 5879K, committed 6336K, reserved 1048576K
}
Event: 835.798 GC heap before
{Heap before GC invocations=578 (full 484):
 PSYoungGen      total 54272K, used 40447K [0x00000000f5580000, 0x00000000f9e00000, 0x0000000100000000)
  eden space 40448K, 99% used [0x00000000f5580000,0x00000000f7cfffe8,0x00000000f7d00000)
  from space 13824K, 0% used [0x00000000f8e00000,0x00000000f8e00000,0x00000000f9b80000)
  to   space 16384K, 0% used [0x00000000f7d00000,0x00000000f7d00000,0x00000000f8d00000)
 ParOldGen       total 349696K, used 349693K [0x00000000e0000000, 0x00000000f5580000, 0x00000000f5580000)
  object space 349696K, 99% used [0x00000000e0000000,0x00000000f557f4f0,0x00000000f5580000)
 Metaspace       used 58892K, committed 60032K, reserved 1105920K
  class space    used 5879K, committed 6336K, reserved 1048576K
}
Event: 837.532 GC heap after
{Heap after GC invocations=578 (full 484):
 PSYoungGen      total 56832K, used 40447K [0x00000000f5580000, 0x00000000f9e00000, 0x0000000100000000)
  eden space 40448K, 99% used [0x00000000f5580000,0x00000000f7cfffe8,0x00000000f7d00000)
  from space 16384K, 0% used [0x00000000f7d00000,0x00000000f7d00000,0x00000000f8d00000)
  to   space 13824K, 0% used [0x00000000f8e00000,0x00000000f8e00000,0x00000000f9b80000)
 ParOldGen       total 349696K, used 349693K [0x00000000e0000000, 0x00000000f5580000, 0x00000000f5580000)
  object space 349696K, 99% used [0x00000000e0000000,0x00000000f557f4f0,0x00000000f5580000)
 Metaspace       used 58892K, committed 60032K, reserved 1105920K
  class space    used 5879K, committed 6336K, reserved 1048576K
}
Event: 837.533 GC heap before
{Heap before GC invocations=579 (full 485):
 PSYoungGen      total 56832K, used 40448K [0x00000000f5580000, 0x00000000f9e00000, 0x0000000100000000)
  eden space 40448K, 100% used [0x00000000f5580000,0x00000000f7d00000,0x00000000f7d00000)
  from space 16384K, 0% used [0x00000000f7d00000,0x00000000f7d00000,0x00000000f8d00000)
  to   space 13824K, 0% used [0x00000000f8e00000,0x00000000f8e00000,0x00000000f9b80000)
 ParOldGen       total 349696K, used 349695K [0x00000000e0000000, 0x00000000f5580000, 0x00000000f5580000)
  object space 349696K, 99% used [0x00000000e0000000,0x00000000f557fca0,0x00000000f5580000)
 Metaspace       used 58892K, committed 60032K, reserved 1105920K
  class space    used 5879K, committed 6336K, reserved 1048576K
}
Event: 839.186 GC heap after
{Heap after GC invocations=579 (full 485):
 PSYoungGen      total 54272K, used 40447K [0x00000000f5580000, 0x00000000f9e00000, 0x0000000100000000)
  eden space 40448K, 99% used [0x00000000f5580000,0x00000000f7cffd90,0x00000000f7d00000)
  from space 13824K, 0% used [0x00000000f8e00000,0x00000000f8e00000,0x00000000f9b80000)
  to   space 16384K, 0% used [0x00000000f7d00000,0x00000000f7d00000,0x00000000f8d00000)
 ParOldGen       total 349696K, used 349693K [0x00000000e0000000, 0x00000000f5580000, 0x00000000f5580000)
  object space 349696K, 99% used [0x00000000e0000000,0x00000000f557f4f0,0x00000000f5580000)
 Metaspace       used 58892K, committed 60032K, reserved 1105920K
  class space    used 5879K, committed 6336K, reserved 1048576K
}
Event: 839.188 GC heap before
{Heap before GC invocations=580 (full 486):
 PSYoungGen      total 54272K, used 40448K [0x00000000f5580000, 0x00000000f9e00000, 0x0000000100000000)
  eden space 40448K, 100% used [0x00000000f5580000,0x00000000f7d00000,0x00000000f7d00000)
  from space 13824K, 0% used [0x00000000f8e00000,0x00000000f8e00000,0x00000000f9b80000)
  to   space 16384K, 0% used [0x00000000f7d00000,0x00000000f7d00000,0x00000000f8d00000)
 ParOldGen       total 349696K, used 349693K [0x00000000e0000000, 0x00000000f5580000, 0x00000000f5580000)
  object space 349696K, 99% used [0x00000000e0000000,0x00000000f557f4f0,0x00000000f5580000)
 Metaspace       used 58892K, committed 60032K, reserved 1105920K
  class space    used 5879K, committed 6336K, reserved 1048576K
}
Event: 840.873 GC heap after
{Heap after GC invocations=580 (full 486):
 PSYoungGen      total 56832K, used 40447K [0x00000000f5580000, 0x00000000f9e00000, 0x0000000100000000)
  eden space 40448K, 99% used [0x00000000f5580000,0x00000000f7cfff40,0x00000000f7d00000)
  from space 16384K, 0% used [0x00000000f7d00000,0x00000000f7d00000,0x00000000f8d00000)
  to   space 13824K, 0% used [0x00000000f8e00000,0x00000000f8e00000,0x00000000f9b80000)
 ParOldGen       total 349696K, used 349693K [0x00000000e0000000, 0x00000000f5580000, 0x00000000f5580000)
  object space 349696K, 99% used [0x00000000e0000000,0x00000000f557f4f0,0x00000000f5580000)
 Metaspace       used 58892K, committed 60032K, reserved 1105920K
  class space    used 5879K, committed 6336K, reserved 1048576K
}
Event: 840.875 GC heap before
{Heap before GC invocations=581 (full 487):
 PSYoungGen      total 56832K, used 40448K [0x00000000f5580000, 0x00000000f9e00000, 0x0000000100000000)
  eden space 40448K, 100% used [0x00000000f5580000,0x00000000f7d00000,0x00000000f7d00000)
  from space 16384K, 0% used [0x00000000f7d00000,0x00000000f7d00000,0x00000000f8d00000)
  to   space 13824K, 0% used [0x00000000f8e00000,0x00000000f8e00000,0x00000000f9b80000)
 ParOldGen       total 349696K, used 349693K [0x00000000e0000000, 0x00000000f5580000, 0x00000000f5580000)
  object space 349696K, 99% used [0x00000000e0000000,0x00000000f557f4f0,0x00000000f5580000)
 Metaspace       used 58892K, committed 60032K, reserved 1105920K
  class space    used 5879K, committed 6336K, reserved 1048576K
}
Event: 842.530 GC heap after
{Heap after GC invocations=581 (full 487):
 PSYoungGen      total 54272K, used 40447K [0x00000000f5580000, 0x00000000f9e00000, 0x0000000100000000)
  eden space 40448K, 99% used [0x00000000f5580000,0x00000000f7cfff60,0x00000000f7d00000)
  from space 13824K, 0% used [0x00000000f8e00000,0x00000000f8e00000,0x00000000f9b80000)
  to   space 16384K, 0% used [0x00000000f7d00000,0x00000000f7d00000,0x00000000f8d00000)
 ParOldGen       total 349696K, used 349693K [0x00000000e0000000, 0x00000000f5580000, 0x00000000f5580000)
  object space 349696K, 99% used [0x00000000e0000000,0x00000000f557f4d0,0x00000000f5580000)
 Metaspace       used 58892K, committed 60032K, reserved 1105920K
  class space    used 5879K, committed 6336K, reserved 1048576K
}
Event: 842.530 GC heap before
{Heap before GC invocations=582 (full 488):
 PSYoungGen      total 54272K, used 40447K [0x00000000f5580000, 0x00000000f9e00000, 0x0000000100000000)
  eden space 40448K, 99% used [0x00000000f5580000,0x00000000f7cffff0,0x00000000f7d00000)
  from space 13824K, 0% used [0x00000000f8e00000,0x00000000f8e00000,0x00000000f9b80000)
  to   space 16384K, 0% used [0x00000000f7d00000,0x00000000f7d00000,0x00000000f8d00000)
 ParOldGen       total 349696K, used 349693K [0x00000000e0000000, 0x00000000f5580000, 0x00000000f5580000)
  object space 349696K, 99% used [0x00000000e0000000,0x00000000f557f4d0,0x00000000f5580000)
 Metaspace       used 58892K, committed 60032K, reserved 1105920K
  class space    used 5879K, committed 6336K, reserved 1048576K
}
Event: 844.112 GC heap after
{Heap after GC invocations=582 (full 488):
 PSYoungGen      total 56832K, used 40447K [0x00000000f5580000, 0x00000000f9e00000, 0x0000000100000000)
  eden space 40448K, 99% used [0x00000000f5580000,0x00000000f7cfffb0,0x00000000f7d00000)
  from space 16384K, 0% used [0x00000000f7d00000,0x00000000f7d00000,0x00000000f8d00000)
  to   space 13824K, 0% used [0x00000000f8e00000,0x00000000f8e00000,0x00000000f9b80000)
 ParOldGen       total 349696K, used 349693K [0x00000000e0000000, 0x00000000f5580000, 0x00000000f5580000)
  object space 349696K, 99% used [0x00000000e0000000,0x00000000f557f4d0,0x00000000f5580000)
 Metaspace       used 58892K, committed 60032K, reserved 1105920K
  class space    used 5879K, committed 6336K, reserved 1048576K
}
Event: 844.112 GC heap before
{Heap before GC invocations=583 (full 489):
 PSYoungGen      total 56832K, used 40447K [0x00000000f5580000, 0x00000000f9e00000, 0x0000000100000000)
  eden space 40448K, 99% used [0x00000000f5580000,0x00000000f7cfffb0,0x00000000f7d00000)
  from space 16384K, 0% used [0x00000000f7d00000,0x00000000f7d00000,0x00000000f8d00000)
  to   space 13824K, 0% used [0x00000000f8e00000,0x00000000f8e00000,0x00000000f9b80000)
 ParOldGen       total 349696K, used 349693K [0x00000000e0000000, 0x00000000f5580000, 0x00000000f5580000)
  object space 349696K, 99% used [0x00000000e0000000,0x00000000f557f4d0,0x00000000f5580000)
 Metaspace       used 58892K, committed 60032K, reserved 1105920K
  class space    used 5879K, committed 6336K, reserved 1048576K
}
Event: 845.940 GC heap after
{Heap after GC invocations=583 (full 489):
 PSYoungGen      total 54272K, used 40447K [0x00000000f5580000, 0x00000000f9e00000, 0x0000000100000000)
  eden space 40448K, 99% used [0x00000000f5580000,0x00000000f7cfffb0,0x00000000f7d00000)
  from space 13824K, 0% used [0x00000000f8e00000,0x00000000f8e00000,0x00000000f9b80000)
  to   space 16384K, 0% used [0x00000000f7d00000,0x00000000f7d00000,0x00000000f8d00000)
 ParOldGen       total 349696K, used 349693K [0x00000000e0000000, 0x00000000f5580000, 0x00000000f5580000)
  object space 349696K, 99% used [0x00000000e0000000,0x00000000f557f4d0,0x00000000f5580000)
 Metaspace       used 58892K, committed 60032K, reserved 1105920K
  class space    used 5879K, committed 6336K, reserved 1048576K
}

